<?xml version="1.0" encoding="UTF-8"?>
<testsuite xmlns:xsi="http://www.w3.org/2001/XMLSchema-instance" xsi:noNamespaceSchemaLocation="https://maven.apache.org/surefire/maven-surefire-plugin/xsd/surefire-test-report-3.0.xsd" version="3.0" name="test.dfa.DFATest" time="0.024" tests="18" errors="0" skipped="0" failures="0">
  <properties>
[...]
</properties>
  <testcase name="test1_1" classname="test.dfa.DFATest" time="0.003">
    <system-out><![CDATA[dfa1 instantiation pass
]]></system-out>
  </testcase>
  <testcase name="test1_2" classname="test.dfa.DFATest" time="0.0">
    <system-out><![CDATA[dfa1 correctness pass
]]></system-out>
  </testcase>
  <testcase name="test1_3" classname="test.dfa.DFATest" time="0.0">
    <system-out><![CDATA[dfa1 accept pass
]]></system-out>
  </testcase>
  <testcase name="test1_4" classname="test.dfa.DFATest" time="0.0">
    <system-out><![CDATA[dfa1 toString pass
]]></system-out>
  </testcase>
  <testcase name="test1_5" classname="test.dfa.DFATest" time="0.0">
    <system-out><![CDATA[dfa1Swap instantiation pass
]]></system-out>
  </testcase>
  <testcase name="test1_6" classname="test.dfa.DFATest" time="0.0">
    <system-out><![CDATA[dfa1Swap accept pass
]]></system-out>
  </testcase>
  <testcase name="test2_1" classname="test.dfa.DFATest" time="0.0">
    <system-out><![CDATA[dfa2 instantiation pass
]]></system-out>
  </testcase>
  <testcase name="test2_2" classname="test.dfa.DFATest" time="0.001">
    <system-out><![CDATA[dfa2 correctness pass
]]></system-out>
  </testcase>
  <testcase name="test2_3" classname="test.dfa.DFATest" time="0.0">
    <system-out><![CDATA[dfa2 accept pass
]]></system-out>
  </testcase>
  <testcase name="test2_4" classname="test.dfa.DFATest" time="0.0">
    <system-out><![CDATA[dfa2 toString pass
]]></system-out>
  </testcase>
  <testcase name="test2_5" classname="test.dfa.DFATest" time="0.0">
    <system-out><![CDATA[dfa2Swap instantiation pass
]]></system-out>
  </testcase>
  <testcase name="test2_6" classname="test.dfa.DFATest" time="0.0">
    <system-out><![CDATA[dfa2Swap accept pass
]]></system-out>
  </testcase>
  <testcase name="test3_1" classname="test.dfa.DFATest" time="0.001">
    <system-out><![CDATA[dfa3 instantiation pass
]]></system-out>
  </testcase>
  <testcase name="test3_2" classname="test.dfa.DFATest" time="0.0">
    <system-out><![CDATA[dfa3 correctness pass
]]></system-out>
  </testcase>
  <testcase name="test3_3" classname="test.dfa.DFATest" time="0.0">
    <system-out><![CDATA[dfa3 accept pass
]]></system-out>
  </testcase>
  <testcase name="test3_4" classname="test.dfa.DFATest" time="0.001">
    <system-out><![CDATA[dfa3 toString pass
]]></system-out>
  </testcase>
  <testcase name="test3_5" classname="test.dfa.DFATest" time="0.0">
    <system-out><![CDATA[df31Swap instantiation pass
]]></system-out>
  </testcase>
  <testcase name="test3_6" classname="test.dfa.DFATest" time="0.0">
    <system-out><![CDATA[dfa3Swap accept pass
]]></system-out>
  </testcase>
</testsuite>